[2025-08-16 19:25:24] info: System initialized {"version":"3.0.0","php_version":"8.1.2-1ubuntu2.22","memory_limit":"256M","max_execution_time":"300"}
[2025-08-16 19:25:24] error: Database connection failed: SQLSTATE[HY000] [2002] No such file or directory
[2025-08-16 19:25:24] critical: Uncaught exception: فشل في الاتصال بقاعدة البيانات in /home/ubuntu/halqat_new/includes/core/Database.php on line 52 {"trace":"#0 \/home\/ubuntu\/halqat_new\/includes\/core\/Database.php(17): Database->connect()\n#1 \/home\/ubuntu\/halqat_new\/includes\/core\/Database.php(23): Database->__construct()\n#2 \/home\/ubuntu\/halqat_new\/includes\/core\/Auth.php(16): Database::getInstance()\n#3 \/home\/ubuntu\/halqat_new\/includes\/core\/Auth.php(23): Auth->__construct()\n#4 \/home\/ubuntu\/halqat_new\/login.php(11): Auth::getInstance()\n#5 {main}"}
[2025-08-16 19:25:29] info: System initialized {"version":"3.0.0","php_version":"8.1.2-1ubuntu2.22","memory_limit":"256M","max_execution_time":"300"}
[2025-08-16 19:25:29] error: Database connection failed: SQLSTATE[HY000] [2002] No such file or directory
[2025-08-16 19:25:29] critical: Uncaught exception: فشل في الاتصال بقاعدة البيانات in /home/ubuntu/halqat_new/includes/core/Database.php on line 52 {"trace":"#0 \/home\/ubuntu\/halqat_new\/includes\/core\/Database.php(17): Database->connect()\n#1 \/home\/ubuntu\/halqat_new\/includes\/core\/Database.php(23): Database->__construct()\n#2 \/home\/ubuntu\/halqat_new\/includes\/core\/Auth.php(16): Database::getInstance()\n#3 \/home\/ubuntu\/halqat_new\/includes\/core\/Auth.php(23): Auth->__construct()\n#4 \/home\/ubuntu\/halqat_new\/login.php(11): Auth::getInstance()\n#5 {main}"}
[2025-08-16 19:25:41] info: System initialized {"version":"3.0.0","php_version":"8.1.2-1ubuntu2.22","memory_limit":"256M","max_execution_time":"300"}
[2025-08-16 19:25:41] error: Database connection failed: SQLSTATE[HY000] [2002] No such file or directory
[2025-08-16 19:25:41] critical: Uncaught exception: فشل في الاتصال بقاعدة البيانات in /home/ubuntu/halqat_new/includes/core/Database.php on line 52 {"trace":"#0 \/home\/ubuntu\/halqat_new\/includes\/core\/Database.php(17): Database->connect()\n#1 \/home\/ubuntu\/halqat_new\/includes\/core\/Database.php(23): Database->__construct()\n#2 \/home\/ubuntu\/halqat_new\/includes\/core\/Auth.php(16): Database::getInstance()\n#3 \/home\/ubuntu\/halqat_new\/includes\/core\/Auth.php(23): Auth->__construct()\n#4 \/home\/ubuntu\/halqat_new\/login.php(11): Auth::getInstance()\n#5 {main}"}
[2025-08-16 19:25:53] info: System initialized {"version":"3.0.0","php_version":"8.1.2-1ubuntu2.22","memory_limit":"256M","max_execution_time":"300"}
[2025-08-16 19:25:53] error: Database connection failed: SQLSTATE[HY000] [2002] No such file or directory
[2025-08-16 19:25:53] critical: Uncaught exception: فشل في الاتصال بقاعدة البيانات in /home/ubuntu/halqat_new/includes/core/Database.php on line 52 {"trace":"#0 \/home\/ubuntu\/halqat_new\/includes\/core\/Database.php(17): Database->connect()\n#1 \/home\/ubuntu\/halqat_new\/includes\/core\/Database.php(23): Database->__construct()\n#2 \/home\/ubuntu\/halqat_new\/includes\/core\/Auth.php(16): Database::getInstance()\n#3 \/home\/ubuntu\/halqat_new\/includes\/core\/Auth.php(23): Auth->__construct()\n#4 \/home\/ubuntu\/halqat_new\/login.php(11): Auth::getInstance()\n#5 {main}"}
[2025-08-16 19:27:22] info: System initialized {"version":"3.0.0","php_version":"8.1.2-1ubuntu2.22","memory_limit":"256M","max_execution_time":"300"}
[2025-08-16 19:27:22] error: Database connection failed: SQLSTATE[HY000] [1698] Access denied for user 'root'@'localhost'
[2025-08-16 19:27:22] critical: Uncaught exception: فشل في الاتصال بقاعدة البيانات in /home/ubuntu/halqat_new/includes/core/Database.php on line 52 {"trace":"#0 \/home\/ubuntu\/halqat_new\/includes\/core\/Database.php(17): Database->connect()\n#1 \/home\/ubuntu\/halqat_new\/includes\/core\/Database.php(23): Database->__construct()\n#2 \/home\/ubuntu\/halqat_new\/includes\/core\/Auth.php(16): Database::getInstance()\n#3 \/home\/ubuntu\/halqat_new\/includes\/core\/Auth.php(23): Auth->__construct()\n#4 \/home\/ubuntu\/halqat_new\/login.php(11): Auth::getInstance()\n#5 {main}"}
[2025-08-16 19:27:31] info: System initialized {"version":"3.0.0","php_version":"8.1.2-1ubuntu2.22","memory_limit":"256M","max_execution_time":"300"}
[2025-08-16 19:27:31] error: Database connection failed: SQLSTATE[HY000] [1698] Access denied for user 'root'@'localhost'
[2025-08-16 19:27:31] critical: Uncaught exception: فشل في الاتصال بقاعدة البيانات in /home/ubuntu/halqat_new/includes/core/Database.php on line 52 {"trace":"#0 \/home\/ubuntu\/halqat_new\/includes\/core\/Database.php(17): Database->connect()\n#1 \/home\/ubuntu\/halqat_new\/includes\/core\/Database.php(23): Database->__construct()\n#2 \/home\/ubuntu\/halqat_new\/includes\/core\/Auth.php(16): Database::getInstance()\n#3 \/home\/ubuntu\/halqat_new\/includes\/core\/Auth.php(23): Auth->__construct()\n#4 \/home\/ubuntu\/halqat_new\/login.php(11): Auth::getInstance()\n#5 {main}"}
[2025-08-16 19:41:07] info: System initialized {"version":"3.0.0","php_version":"8.1.2-1ubuntu2.22","memory_limit":"256M","max_execution_time":"300"}
[2025-08-16 19:41:07] error: [WARNING] Undefined array key "REQUEST_METHOD" in /home/ubuntu/halqat_new/login.php on line 21
[2025-08-16 19:41:33] info: System initialized {"version":"3.0.0","php_version":"8.1.2-1ubuntu2.22","memory_limit":"256M","max_execution_time":"300"}
[2025-08-16 20:28:04] info: System initialized {"version":"3.0.0","php_version":"8.1.2-1ubuntu2.22","memory_limit":"256M","max_execution_time":"300"}
[2025-08-16 20:28:04] critical: Uncaught exception: Call to private Database::__construct() from global scope in /home/ubuntu/halqat/test_system.php on line 92 {"trace":"#0 {main}"}
[2025-08-16 20:28:08] info: System initialized {"version":"3.0.0","php_version":"8.1.2-1ubuntu2.22","memory_limit":"256M","max_execution_time":"300"}
[2025-08-16 20:39:57] info: System initialized {"version":"3.0.0","php_version":"8.1.2-1ubuntu2.22","memory_limit":"-1","max_execution_time":"30"}
[2025-08-16 20:39:57] critical: Uncaught exception: Call to private Database::__construct() from global scope in /home/ubuntu/halqat/test_system.php on line 92 {"trace":"#0 {main}"}
[2025-08-16 20:50:05] info: System initialized {"version":"3.0.0","php_version":"8.1.2-1ubuntu2.22","memory_limit":"-1","max_execution_time":"30"}
[2025-08-16 20:50:05] critical: Uncaught exception: Call to undefined method PDOStatement::get_result() in /home/ubuntu/halqat/test_system.php on line 187 {"trace":"#0 {main}"}
[2025-08-16 20:50:26] info: System initialized {"version":"3.0.0","php_version":"8.1.2-1ubuntu2.22","memory_limit":"-1","max_execution_time":"30"}
[2025-08-16 20:50:51] info: System initialized {"version":"3.0.0","php_version":"8.1.2-1ubuntu2.22","memory_limit":"-1","max_execution_time":"30"}
[2025-08-16 20:50:55] info: System initialized {"version":"3.0.0","php_version":"8.1.2-1ubuntu2.22","memory_limit":"-1","max_execution_time":"30"}
[2025-08-16 21:22:10] info: System initialized {"version":"3.0.0","php_version":"8.1.2-1ubuntu2.22","memory_limit":"-1","max_execution_time":"30"}
[2025-08-16 21:24:11] info: System initialized {"version":"3.0.0","php_version":"8.1.2-1ubuntu2.22","memory_limit":"-1","max_execution_time":"30"}
[2025-08-16 21:24:59] info: System initialized {"version":"3.0.0","php_version":"8.1.2-1ubuntu2.22","memory_limit":"-1","max_execution_time":"30"}
